[2026-03-08T19:46:37.626Z] getFinancialAnalysis FAILED: 9 FAILED_PRECONDITION: The query requires an index. You can create it here: https://console.firebase.google.com/v1/r/project/reboque-app-db7cc/firestore/indexes?create_composite=ClZwcm9qZWN0cy9yZWJvcXVlLWFwcC1kYjdjYy9kYXRhYmFzZXMvKGRlZmF1bHQpL2NvbGxlY3Rpb25Hcm91cHMvdHJhbnNhY3Rpb25zL2luZGV4ZXMvXxABGgoKBnVzZXJJZBABGggKBGRhdGUQARoMCghfX25hbWVfXxAB
Stack: Error: 9 FAILED_PRECONDITION: The query requires an index. You can create it here: https://console.firebase.google.com/v1/r/project/reboque-app-db7cc/firestore/indexes?create_composite=ClZwcm9qZWN0cy9yZWJvcXVlLWFwcC1kYjdjYy9kYXRhYmFzZXMvKGRlZmF1bHQpL2NvbGxlY3Rpb25Hcm91cHMvdHJhbnNhY3Rpb25zL2luZGV4ZXMvXxABGgoKBnVzZXJJZBABGggKBGRhdGUQARoMCghfX25hbWVfXxAB
    at callErrorFromStatus (/home/dg/controle-financeiro/node_modules/google-gax/node_modules/@grpc/grpc-js/build/src/call.js:32:19)
    at Object.onReceiveStatus (/home/dg/controle-financeiro/node_modules/google-gax/node_modules/@grpc/grpc-js/build/src/client.js:359:73)
    at Object.onReceiveStatus (/home/dg/controle-financeiro/node_modules/google-gax/node_modules/@grpc/grpc-js/build/src/client-interceptors.js:327:181)
    at /home/dg/controle-financeiro/node_modules/google-gax/node_modules/@grpc/grpc-js/build/src/resolving-call.js:135:78
    at process.processTicksAndRejections (node:internal/process/task_queues:85:11)
for call at
    at ServiceClientImpl.makeServerStreamRequest (/home/dg/controle-financeiro/node_modules/google-gax/node_modules/@grpc/grpc-js/build/src/client.js:342:32)
    at ServiceClientImpl.<anonymous> (/home/dg/controle-financeiro/node_modules/google-gax/node_modules/@grpc/grpc-js/build/src/make-client.js:105:19)
    at /home/dg/controle-financeiro/node_modules/@google-cloud/firestore/build/src/v1/firestore_client.js:242:33
    at /home/dg/controle-financeiro/node_modules/google-gax/build/src/streamingCalls/streamingApiCaller.js:38:28
    at /home/dg/controle-financeiro/node_modules/google-gax/build/src/normalCalls/timeout.js:44:16
    at Object.request (/home/dg/controle-financeiro/node_modules/google-gax/build/src/streamingCalls/streaming.js:234:40)
    at makeRequest (/home/dg/controle-financeiro/node_modules/retry-request/index.js:159:28)
    at retryRequest (/home/dg/controle-financeiro/node_modules/retry-request/index.js:119:5)
    at StreamProxy.setStream (/home/dg/controle-financeiro/node_modules/google-gax/build/src/streamingCalls/streaming.js:225:37)
    at StreamingApiCaller.call (/home/dg/controle-financeiro/node_modules/google-gax/build/src/streamingCalls/streamingApiCaller.js:54:16)
    at /home/dg/controle-financeiro/node_modules/google-gax/build/src/createApiCall.js:112:30
Caused by: Error: 
    at QueryUtil._getResponse (/home/dg/controle-financeiro/node_modules/@google-cloud/firestore/build/src/reference/query-util.js:44:23)
    at Query._getResponse (/home/dg/controle-financeiro/node_modules/@google-cloud/firestore/build/src/reference/query.js:784:32)
    at Query._get (/home/dg/controle-financeiro/node_modules/@google-cloud/firestore/build/src/reference/query.js:777:35)
    at /home/dg/controle-financeiro/node_modules/@google-cloud/firestore/build/src/reference/query.js:745:43
    at /home/dg/controle-financeiro/node_modules/@google-cloud/firestore/build/src/telemetry/enabled-trace-util.js:110:30
    at NoopContextManager.with (/home/dg/controle-financeiro/node_modules/@opentelemetry/api/build/src/context/NoopContextManager.js:25:19)
    at ContextAPI.with (/home/dg/controle-financeiro/node_modules/@opentelemetry/api/build/src/api/context.js:60:46)
    at NoopTracer.startActiveSpan (/home/dg/controle-financeiro/node_modules/@opentelemetry/api/build/src/trace/NoopTracer.js:65:31)
    at ProxyTracer.startActiveSpan (/home/dg/controle-financeiro/node_modules/@opentelemetry/api/build/src/trace/ProxyTracer.js:36:24)
    at EnabledTraceUtil.startActiveSpan (/home/dg/controle-financeiro/node_modules/@google-cloud/firestore/build/src/telemetry/enabled-trace-util.js:102:28)
    at Query.get (/home/dg/controle-financeiro/node_modules/@google-cloud/firestore/build/src/reference/query.js:744:43)
    at Object.execute (/home/dg/controle-financeiro/.next/dev/server/chunks/[root-of-the-server]__54e37dfe._.js:463:588)
    at executeTool (/home/dg/controle-financeiro/.next/dev/server/chunks/[root-of-the-server]__878d32fd._.js:3272:20)
    at executeTool.next (<anonymous>)
    at fn (/home/dg/controle-financeiro/.next/dev/server/chunks/node_modules_b8fe70f8._.js:4401:34)
    at process.processTicksAndRejections (node:internal/process/task_queues:105:5)
    at async /home/dg/controle-financeiro/.next/dev/server/chunks/node_modules_b8fe70f8._.js:3940:28
Details: "The query requires an index. You can create it here: https://console.firebase.google.com/v1/r/project/reboque-app-db7cc/firestore/indexes?create_composite=ClZwcm9qZWN0cy9yZWJvcXVlLWFwcC1kYjdjYy9kYXRhYmFzZXMvKGRlZmF1bHQpL2NvbGxlY3Rpb25Hcm91cHMvdHJhbnNhY3Rpb25zL2luZGV4ZXMvXxABGgoKBnVzZXJJZBABGggKBGRhdGUQARoMCghfX25hbWVfXxAB"

